{"total": {"lines":{"total":314,"covered":284,"skipped":0,"pct":90.44},"statements":{"total":314,"covered":284,"skipped":0,"pct":90.44},"functions":{"total":17,"covered":16,"skipped":0,"pct":94.11},"branches":{"total":69,"covered":53,"skipped":0,"pct":76.81},"branchesTrue":{"total":0,"covered":0,"skipped":0,"pct":100}}
,"/Users/luisfelipegarcia/Documents/Projects/ops-pilot/apps/web/components/HealthStatus.tsx": {"lines":{"total":43,"covered":41,"skipped":0,"pct":95.34},"functions":{"total":1,"covered":1,"skipped":0,"pct":100},"statements":{"total":43,"covered":41,"skipped":0,"pct":95.34},"branches":{"total":10,"covered":9,"skipped":0,"pct":90}}
,"/Users/luisfelipegarcia/Documents/Projects/ops-pilot/apps/web/features/auth/AuthGuard.tsx": {"lines":{"total":25,"covered":24,"skipped":0,"pct":96},"functions":{"total":1,"covered":1,"skipped":0,"pct":100},"statements":{"total":25,"covered":24,"skipped":0,"pct":96},"branches":{"total":12,"covered":10,"skipped":0,"pct":83.33}}
,"/Users/luisfelipegarcia/Documents/Projects/ops-pilot/apps/web/features/auth/AuthProvider.tsx": {"lines":{"total":59,"covered":45,"skipped":0,"pct":76.27},"functions":{"total":2,"covered":2,"skipped":0,"pct":100},"statements":{"total":59,"covered":45,"skipped":0,"pct":76.27},"branches":{"total":8,"covered":6,"skipped":0,"pct":75}}
,"/Users/luisfelipegarcia/Documents/Projects/ops-pilot/apps/web/features/auth/LoginForm.tsx": {"lines":{"total":52,"covered":45,"skipped":0,"pct":86.53},"functions":{"total":1,"covered":1,"skipped":0,"pct":100},"statements":{"total":52,"covered":45,"skipped":0,"pct":86.53},"branches":{"total":10,"covered":4,"skipped":0,"pct":40}}
,"/Users/luisfelipegarcia/Documents/Projects/ops-pilot/apps/web/features/auth/permissions.ts": {"lines":{"total":35,"covered":35,"skipped":0,"pct":100},"functions":{"total":1,"covered":1,"skipped":0,"pct":100},"statements":{"total":35,"covered":35,"skipped":0,"pct":100},"branches":{"total":1,"covered":1,"skipped":0,"pct":100}}
,"/Users/luisfelipegarcia/Documents/Projects/ops-pilot/apps/web/features/auth/types.ts": {"lines":{"total":15,"covered":15,"skipped":0,"pct":100},"functions":{"total":2,"covered":2,"skipped":0,"pct":100},"statements":{"total":15,"covered":15,"skipped":0,"pct":100},"branches":{"total":2,"covered":2,"skipped":0,"pct":100}}
,"/Users/luisfelipegarcia/Documents/Projects/ops-pilot/apps/web/lib/api.ts": {"lines":{"total":10,"covered":10,"skipped":0,"pct":100},"functions":{"total":2,"covered":2,"skipped":0,"pct":100},"statements":{"total":10,"covered":10,"skipped":0,"pct":100},"branches":{"total":6,"covered":5,"skipped":0,"pct":83.33}}
,"/Users/luisfelipegarcia/Documents/Projects/ops-pilot/apps/web/lib/auth-api.ts": {"lines":{"total":75,"covered":69,"skipped":0,"pct":92},"functions":{"total":7,"covered":6,"skipped":0,"pct":85.71},"statements":{"total":75,"covered":69,"skipped":0,"pct":92},"branches":{"total":20,"covered":16,"skipped":0,"pct":80}}
}
