{"total": {"lines":{"total":53,"covered":51,"skipped":0,"pct":96.22},"statements":{"total":53,"covered":51,"skipped":0,"pct":96.22},"functions":{"total":3,"covered":3,"skipped":0,"pct":100},"branches":{"total":16,"covered":14,"skipped":0,"pct":87.5},"branchesTrue":{"total":0,"covered":0,"skipped":0,"pct":100}}
,"/Users/luisfelipegarcia/Documents/Projects/ops-pilot/apps/web/components/HealthStatus.tsx": {"lines":{"total":43,"covered":41,"skipped":0,"pct":95.34},"functions":{"total":1,"covered":1,"skipped":0,"pct":100},"statements":{"total":43,"covered":41,"skipped":0,"pct":95.34},"branches":{"total":10,"covered":9,"skipped":0,"pct":90}}
,"/Users/luisfelipegarcia/Documents/Projects/ops-pilot/apps/web/lib/api.ts": {"lines":{"total":10,"covered":10,"skipped":0,"pct":100},"functions":{"total":2,"covered":2,"skipped":0,"pct":100},"statements":{"total":10,"covered":10,"skipped":0,"pct":100},"branches":{"total":6,"covered":5,"skipped":0,"pct":83.33}}
}
